  VectoriMenu.cpp
C:\Users\bogda\Desktop\BibMat\src\Vectori\VectoriMenu.cpp(21,51): warning C4244: 'argument': conversion from 'T' to 'float', possible loss of data
          with
          [
              T=unsigned int
          ]
C:\Users\bogda\Desktop\BibMat\src\Vectori\VectoriMenu.cpp(34,38): warning C4244: 'argument': conversion from 'T' to 'float', possible loss of data
          with
          [
              T=unsigned int
          ]
C:\Users\bogda\Desktop\BibMat\src\Vectori\VectoriMenu.cpp(33,55): warning C4244: 'argument': conversion from 'T' to 'float', possible loss of data
          with
          [
              T=unsigned int
          ]
C:\Users\bogda\Desktop\BibMat\src\Vectori\VectoriMenu.cpp(44,38): warning C4244: 'argument': conversion from 'T' to 'float', possible loss of data
          with
          [
              T=unsigned int
          ]
C:\Users\bogda\Desktop\BibMat\src\Vectori\VectoriMenu.cpp(43,58): warning C4244: 'argument': conversion from 'T' to 'float', possible loss of data
          with
          [
              T=unsigned int
          ]
C:\Users\bogda\Desktop\BibMat\src\Vectori\VectoriMenu.cpp(56,38): warning C4244: 'argument': conversion from 'T' to 'float', possible loss of data
          with
          [
              T=unsigned int
          ]
C:\Users\bogda\Desktop\BibMat\src\Vectori\VectoriMenu.cpp(55,61): warning C4244: 'argument': conversion from 'T' to 'float', possible loss of data
          with
          [
              T=unsigned int
          ]
C:\Users\bogda\Desktop\BibMat\src\Vectori\VectoriMenu.cpp(69,38): warning C4244: 'argument': conversion from 'T' to 'float', possible loss of data
          with
          [
              T=unsigned int
          ]
C:\Users\bogda\Desktop\BibMat\src\Vectori\VectoriMenu.cpp(68,52): warning C4244: 'argument': conversion from 'T' to 'float', possible loss of data
          with
          [
              T=unsigned int
          ]
  BibMat.vcxproj -> C:\Users\bogda\Desktop\BibMat\x64\Debug\BibMat.exe
